app_disk_used_bytes 9.842511872e+09 1615275837225
app_disk_free_bytes 5.3111894016e+10 1615275837225
app_io_counters_read_bytes 2.803712e+07 1615275837280
app_io_counters_write_bytes 40960 1615275837280
app_self_metrics_calc_seconds 0.378443911 1615275837334
app_self_metrics_total 17 1615275837334
go_memstats_heap_in_use_bytes 1.0715136e+07 1615275837279
go_memstats_heap_allocated_bytes 9.06128e+06 1615275837279
go_memstats_heap_idle_bytes 5.5967744e+07 1615275837279
go_memstats_heap_objects_total 16679 1615275837279
go_memstats_heap_reserved_bytes 6.668288e+07 1615275837279
go_memstats_gc_cpu_fraction_ratio 0.021837005687759026 1615275837279
go_routines_total 17 1615275837279
sys_cpu_ratio 1 1615275837334
sys_load_1 4.77 1615275837226
sys_load_5 1.52 1615275837226
sys_load_15 1 1615275837226
sys_memory_used_bytes 6.62786048e+08 1615275837280
sys_memory_free_bytes 6.590754816e+09 1615275837280

app_disk_used_bytes 9.842618368e+09 1615275847336
app_disk_free_bytes 5.311178752e+10 1615275847336
app_io_counters_read_bytes 2.8246016e+07 1615275847336
app_io_counters_write_bytes 86016 1615275847336
app_self_metrics_calc_seconds 0.051158044 1615275847387
app_self_metrics_total 17 1615275847387
go_memstats_heap_in_use_bytes 7.667712e+06 1615275847336
go_memstats_heap_allocated_bytes 6.016056e+06 1615275847336
go_memstats_heap_idle_bytes 5.8916864e+07 1615275847336
go_memstats_heap_objects_total 28314 1615275847336
go_memstats_heap_reserved_bytes 6.6584576e+07 1615275847336
go_memstats_gc_cpu_fraction_ratio 0.019726829123838406 1615275847336
go_routines_total 13 1615275847336
sys_cpu_ratio 0.9285714285714286 1615275847387
sys_load_1 4.87 1615275847336
sys_load_5 1.65 1615275847336
sys_load_15 1.05 1615275847336
sys_memory_used_bytes 7.80361728e+08 1615275847336
sys_memory_free_bytes 6.418640896e+09 1615275847336

app_disk_used_bytes 9.842630656e+09 1615275857337
app_disk_free_bytes 5.3111775232e+10 1615275857337
app_io_counters_read_bytes 2.8246016e+07 1615275857388
app_io_counters_write_bytes 135168 1615275857388
app_self_metrics_calc_seconds 0.052185611 1615275857389
app_self_metrics_total 17 1615275857389
go_memstats_heap_in_use_bytes 7.733248e+06 1615275857388
go_memstats_heap_allocated_bytes 6.193488e+06 1615275857388
go_memstats_heap_idle_bytes 5.881856e+07 1615275857388
go_memstats_heap_objects_total 30840 1615275857388
go_memstats_heap_reserved_bytes 6.6551808e+07 1615275857388
go_memstats_gc_cpu_fraction_ratio 0.019726829123838406 1615275857388
go_routines_total 13 1615275857388
sys_cpu_ratio 1 1615275857389
sys_load_1 5.1 1615275857337
sys_load_5 1.81 1615275857337
sys_load_15 1.1 1615275857337
sys_memory_used_bytes 8.8520704e+08 1615275857337
sys_memory_free_bytes 6.292811776e+09 1615275857337

app_disk_used_bytes 9.972604928e+09 1615275867336
app_disk_free_bytes 5.298180096e+10 1615275867336
app_io_counters_read_bytes 2.8246016e+07 1615275867336
app_io_counters_write_bytes 176128 1615275867336
app_self_metrics_calc_seconds 0.051546631 1615275867387
app_self_metrics_total 17 1615275867387
go_memstats_heap_in_use_bytes 7.847936e+06 1615275867336
go_memstats_heap_allocated_bytes 6.345048e+06 1615275867336
go_memstats_heap_idle_bytes 5.8671104e+07 1615275867336
go_memstats_heap_objects_total 33070 1615275867336
go_memstats_heap_reserved_bytes 6.651904e+07 1615275867336
go_memstats_gc_cpu_fraction_ratio 0.019726829123838406 1615275867336
go_routines_total 16 1615275867336
sys_cpu_ratio 1.000000000001624 1615275867387
sys_load_1 5.17 1615275867336
sys_load_5 1.93 1615275867336
sys_load_15 1.15 1615275867336
sys_memory_used_bytes 9.22722304e+08 1615275867336
sys_memory_free_bytes 5.984784384e+09 1615275867336

app_disk_used_bytes 1.0074243072e+10 1615275877348
app_disk_free_bytes 5.2880162816e+10 1615275877348
app_io_counters_read_bytes 2.8246016e+07 1615275877348
app_io_counters_write_bytes 221184 1615275877348
app_self_metrics_calc_seconds 0.050980095 1615275877398
app_self_metrics_total 17 1615275877398
go_memstats_heap_in_use_bytes 7.962624e+06 1615275877348
go_memstats_heap_allocated_bytes 6.532384e+06 1615275877348
go_memstats_heap_idle_bytes 5.8589184e+07 1615275877348
go_memstats_heap_objects_total 35827 1615275877348
go_memstats_heap_reserved_bytes 6.6551808e+07 1615275877348
go_memstats_gc_cpu_fraction_ratio 0.019726829123838406 1615275877348
go_routines_total 15 1615275877348
sys_cpu_ratio 0.9999999999969682 1615275877398
sys_load_1 5.37 1615275877348
sys_load_5 2.08 1615275877348
sys_load_15 1.21 1615275877348
sys_memory_used_bytes 1.082834944e+09 1615275877348
sys_memory_free_bytes 5.609402368e+09 1615275877348

app_disk_used_bytes 1.0091307008e+10 1615275887340
app_disk_free_bytes 5.286309888e+10 1615275887340
app_io_counters_read_bytes 2.8246016e+07 1615275887340
app_io_counters_write_bytes 270336 1615275887340
app_self_metrics_calc_seconds 0.051522779 1615275887389
app_self_metrics_total 17 1615275887389
go_memstats_heap_in_use_bytes 8.077312e+06 1615275887340
go_memstats_heap_allocated_bytes 6.69004e+06 1615275887340
go_memstats_heap_idle_bytes 5.8441728e+07 1615275887340
go_memstats_heap_objects_total 38099 1615275887340
go_memstats_heap_reserved_bytes 6.651904e+07 1615275887340
go_memstats_gc_cpu_fraction_ratio 0.019726829123838406 1615275887340
go_routines_total 16 1615275887340
sys_cpu_ratio 1 1615275887389
sys_load_1 5.32 1615275887340
sys_load_5 2.18 1615275887340
sys_load_15 1.25 1615275887340
sys_memory_used_bytes 1.26208e+09 1615275887340
sys_memory_free_bytes 5.3721088e+09 1615275887340

app_disk_used_bytes 1.01280768e+10 1615275897337
app_disk_free_bytes 5.2826329088e+10 1615275897337
app_io_counters_read_bytes 2.8246016e+07 1615275897337
app_io_counters_write_bytes 307200 1615275897337
app_self_metrics_calc_seconds 0.053774301 1615275897390
app_self_metrics_total 17 1615275897390
go_memstats_heap_in_use_bytes 8.249344e+06 1615275897337
go_memstats_heap_allocated_bytes 6.877808e+06 1615275897337
go_memstats_heap_idle_bytes 5.8302464e+07 1615275897337
go_memstats_heap_objects_total 40886 1615275897337
go_memstats_heap_reserved_bytes 6.6551808e+07 1615275897337
go_memstats_gc_cpu_fraction_ratio 0.019726829123838406 1615275897337
go_routines_total 12 1615275897337
sys_cpu_ratio 0.9999999999985789 1615275897390
sys_load_1 5.88 1615275897337
sys_load_5 2.4 1615275897337
sys_load_15 1.33 1615275897337
sys_memory_used_bytes 1.305092096e+09 1615275897337
sys_memory_free_bytes 5.267685376e+09 1615275897337

